<?xml version="1.0" encoding="UTF-8"?>
<!-- Generated by org.testng.reporters.JUnitReportReporter -->
<testsuite hostname="DESKTOP-UR75ULA" failures="0" tests="1" name="akshatSwitch.L198_validateNavBar" time="2.114" errors="0" timestamp="2022-07-26T00:23:35 IST" skipped="0">
  <testcase classname="akshatSwitch.L198_validateNavBar" name="navBarValidation" time="2.114"/>
  <system-out/>
</testsuite> <!-- akshatSwitch.L198_validateNavBar -->
